[15-06-07 21:30:22:314 AEST] 720p
[15-06-07 21:30:22:314 AEST] 0B7iRCsp7iT4xfk9fQnRucGx3ZE1COW9sQjUtM3V5c3ZNblgxeFhLM3haTkRiQ1VMMXM0TkE
[15-06-07 21:30:22:495 AEST] 720p/92.mp4
[15-06-07 21:30:22:496 AEST] 0B7iRCsp7iT4xTTF2QnNCZTBrTEk
[15-06-07 21:30:22:497 AEST] 720p/74.mp4
[15-06-07 21:30:22:497 AEST] 0B7iRCsp7iT4xcTQxZGZNZEVoS0E
[15-06-07 21:30:22:498 AEST] 720p/79.mp4
[15-06-07 21:30:22:498 AEST] 0B7iRCsp7iT4xZ1YxNnllNFQ0WXM
[15-06-07 21:30:22:499 AEST] 720p/73.mp4
[15-06-07 21:30:22:500 AEST] 0B7iRCsp7iT4xNk1TcE9ySXNsZlk
[15-06-07 21:30:22:501 AEST] 720p/66.mp4
[15-06-07 21:30:22:501 AEST] 0B7iRCsp7iT4xVl9YR25PSlUyckE
[15-06-07 21:30:22:502 AEST] 720p/61.mp4
[15-06-07 21:30:22:502 AEST] 0B7iRCsp7iT4xSVcyc29HTDBUUmc
[15-06-07 21:30:22:503 AEST] 720p/60.mp4
[15-06-07 21:30:22:504 AEST] 0B7iRCsp7iT4xLXlEUUZ1SHRvWTg
[15-06-07 21:30:22:505 AEST] 720p/58.mp4
[15-06-07 21:30:22:505 AEST] 0B7iRCsp7iT4xV2dydmdBTFZLR0k
[15-06-07 21:30:22:506 AEST] 720p/41.mp4
[15-06-07 21:30:22:506 AEST] 0B7iRCsp7iT4xVTJBY1JoeTBiQUE
[15-06-07 21:30:22:507 AEST] 720p/71.mp4
[15-06-07 21:30:22:508 AEST] 0B7iRCsp7iT4xZUNtZGFXaEtrQVU
[15-06-07 21:30:22:508 AEST] 720p/51.mp4
[15-06-07 21:30:22:509 AEST] 0B7iRCsp7iT4xRGVTS3ZXcTNUbXM
[15-06-07 21:30:22:510 AEST] 720p/78.mp4
[15-06-07 21:30:22:510 AEST] 0B7iRCsp7iT4xbFA4dTE2RXJyQUE
[15-06-07 21:30:22:511 AEST] 720p/30.mp4
[15-06-07 21:30:22:511 AEST] 0B7iRCsp7iT4xMFU3YWxneXpRTGM
[15-06-07 21:30:22:512 AEST] 720p/68.mp4
[15-06-07 21:30:22:513 AEST] 0B7iRCsp7iT4xM29QSXhTYXpIRFE
[15-06-07 21:30:22:514 AEST] 720p/64.mp4
[15-06-07 21:30:22:514 AEST] 0B7iRCsp7iT4xekVIU29hYlNISjQ
[15-06-07 21:30:22:515 AEST] 720p/37.mp4
[15-06-07 21:30:22:515 AEST] 0B7iRCsp7iT4xT0plQWJhR0hxR1E
[15-06-07 21:30:22:516 AEST] 720p/9.mp4
[15-06-07 21:30:22:517 AEST] 0B7iRCsp7iT4xdkFzNWVsbHRscE0
[15-06-07 21:30:22:518 AEST] 720p/312.mp4
[15-06-07 21:30:22:518 AEST] 0B7iRCsp7iT4xenNXMUo2b21PbFU
[15-06-07 21:30:22:519 AEST] 720p/309.mp4
[15-06-07 21:30:22:519 AEST] 0B7iRCsp7iT4xOXg4RTRiaFB6TVU
[15-06-07 21:30:22:520 AEST] 720p/288.mp4
[15-06-07 21:30:22:521 AEST] 0B7iRCsp7iT4xdERUSUYtN212VVE
[15-06-07 21:30:22:522 AEST] 720p/279.mp4
[15-06-07 21:30:22:522 AEST] 0B7iRCsp7iT4xWkhyTFdMOFl5QWc
[15-06-07 21:30:22:523 AEST] 720p/267.mp4
[15-06-07 21:30:22:523 AEST] 0B7iRCsp7iT4xZDgxQnE2anJETDA
[15-06-07 21:30:22:524 AEST] 720p/252.mp4
[15-06-07 21:30:22:525 AEST] 0B7iRCsp7iT4xd0twTWw1c29KR3M
[15-06-07 21:30:22:526 AEST] 720p/249.mp4
[15-06-07 21:30:22:526 AEST] 0B7iRCsp7iT4xUGJDQVY3d0ZBZWM
[15-06-07 21:30:22:527 AEST] 720p/248.mp4
[15-06-07 21:30:22:527 AEST] 0B7iRCsp7iT4xVksyVFVQY1VCSlU
[15-06-07 21:30:22:528 AEST] 720p/245.mp4
[15-06-07 21:30:22:528 AEST] 0B7iRCsp7iT4xWlVCYTA4dmkzTzQ
[15-06-07 21:30:22:529 AEST] 720p/236.mp4
[15-06-07 21:30:22:530 AEST] 0B7iRCsp7iT4xMTN6RWFQaUxzTUE
[15-06-07 21:30:22:530 AEST] 720p/235.mp4
[15-06-07 21:30:22:531 AEST] 0B7iRCsp7iT4xNDNWaktvcmdaYTA
[15-06-07 21:30:22:532 AEST] 720p/231.mp4
[15-06-07 21:30:22:532 AEST] 0B7iRCsp7iT4xekNKdk9LYXRtLU0
[15-06-07 21:30:22:533 AEST] 720p/227.mp4
[15-06-07 21:30:22:533 AEST] 0B7iRCsp7iT4xeFZEbDluaW9oTEk
[15-06-07 21:30:22:534 AEST] 720p/205.mp4
[15-06-07 21:30:22:535 AEST] 0B7iRCsp7iT4xZ2tkWDEwM3M4QXc
[15-06-07 21:30:22:536 AEST] 720p/199.mp4
[15-06-07 21:30:22:536 AEST] 0B7iRCsp7iT4xcjgyOUk2R0E4eG8
[15-06-07 21:30:22:537 AEST] 720p/197.mp4
[15-06-07 21:30:22:537 AEST] 0B7iRCsp7iT4xSUVjbGdlTUhPaGs
[15-06-07 21:30:22:538 AEST] 720p/196.mp4
[15-06-07 21:30:22:538 AEST] 0B7iRCsp7iT4xdmI1WlRQdEdFOTg
[15-06-07 21:30:22:539 AEST] 720p/195.mp4
[15-06-07 21:30:22:540 AEST] 0B7iRCsp7iT4xTzR2U0x6UmlPTTQ
[15-06-07 21:30:22:541 AEST] 720p/194.mp4
[15-06-07 21:30:22:541 AEST] 0B7iRCsp7iT4xaTc2dDRIOFlwSk0
[15-06-07 21:30:22:542 AEST] 720p/193.mp4
[15-06-07 21:30:22:542 AEST] 0B7iRCsp7iT4xdldtbVBvTGVZVzA
[15-06-07 21:30:22:543 AEST] 720p/188.mp4
[15-06-07 21:30:22:544 AEST] 0B7iRCsp7iT4xLUdLY2lJRS1vQTg
[15-06-07 21:30:22:545 AEST] 720p/186.mp4
[15-06-07 21:30:22:545 AEST] 0B7iRCsp7iT4xc2xkcTJBelotT0k
[15-06-07 21:30:22:546 AEST] 720p/182.mp4
[15-06-07 21:30:22:546 AEST] 0B7iRCsp7iT4xbTd6MXppMzdGV3c
[15-06-07 21:30:22:547 AEST] 720p/181.mp4
[15-06-07 21:30:22:548 AEST] 0B7iRCsp7iT4xdmRxdGhERVhTT0k
[15-06-07 21:30:22:549 AEST] 720p/172.mp4
[15-06-07 21:30:22:549 AEST] 0B7iRCsp7iT4xcDRpcS1lZ0NpT00
[15-06-07 21:30:22:550 AEST] 720p/155.mp4
[15-06-07 21:30:22:550 AEST] 0B7iRCsp7iT4xeDJnSXBHZVVIRGs
[15-06-07 21:30:22:551 AEST] 720p/152.mp4
[15-06-07 21:30:22:552 AEST] 0B7iRCsp7iT4xRkNkcDFMVm1qcHM
[15-06-07 21:30:22:553 AEST] 720p/150.mp4
[15-06-07 21:30:22:553 AEST] 0B7iRCsp7iT4xc0s1M1Z1S2NKSjg
[15-06-07 21:30:22:554 AEST] 720p/143.mp4
[15-06-07 21:30:22:554 AEST] 0B7iRCsp7iT4xRTRPdUx0cEhvREk
[15-06-07 21:30:22:555 AEST] 720p/142.mp4
[15-06-07 21:30:22:555 AEST] 0B7iRCsp7iT4xcllmZHROcUVnTVE
[15-06-07 21:30:22:556 AEST] 720p/134.mp4
[15-06-07 21:30:22:557 AEST] 0B7iRCsp7iT4xMzB3RXBhamNrX1k
[15-06-07 21:30:22:558 AEST] 720p/130.mp4
[15-06-07 21:30:22:558 AEST] 0B7iRCsp7iT4xYmlaenQ3RUZ2ems
[15-06-07 21:30:22:559 AEST] 720p/117.mp4
[15-06-07 21:30:22:559 AEST] 0B7iRCsp7iT4xa2xhb2RnRExxd3c
[15-06-07 21:30:22:560 AEST] 720p/115.mp4
[15-06-07 21:30:22:561 AEST] 0B7iRCsp7iT4xMXpXTEVhZ1l3RTg
[15-06-07 21:30:22:561 AEST] 720p/114.mp4
[15-06-07 21:30:22:562 AEST] 0B7iRCsp7iT4xb0JzV2NlT3NYNjA
[15-06-07 21:30:22:563 AEST] 720p/113.mp4
[15-06-07 21:30:22:563 AEST] 0B7iRCsp7iT4xRmxlX095UWtuNVE
[15-06-07 21:30:22:564 AEST] 720p/109.mp4
[15-06-07 21:30:22:564 AEST] 0B7iRCsp7iT4xMExKeWlvZV80aVk
[15-06-07 21:30:22:566 AEST] 720p/107.mp4
[15-06-07 21:30:22:566 AEST] 0B7iRCsp7iT4xcmE2aGZSd01lZW8
[15-06-07 21:30:22:567 AEST] 720p/103.mp4
[15-06-07 21:30:22:567 AEST] 0B7iRCsp7iT4xek9IcUhRVi1oaWM
[15-06-07 21:30:22:568 AEST] 720p/102.mp4
[15-06-07 21:30:22:569 AEST] 0B7iRCsp7iT4xNWRkMVcyNGsyX1k
[15-06-07 21:30:22:569 AEST] 720p/100.mp4
[15-06-07 21:30:22:570 AEST] 0B7iRCsp7iT4xZURMZUY3WUs0Q1k
[15-06-07 21:30:22:571 AEST] 43-initial
[15-06-07 21:30:22:571 AEST] 0B7iRCsp7iT4xfkhIWXpGdHUwdlBxR2c1SDB3YkN6SmlsX21GVzRKR0pzS2pPLXhfQ1hrX28
[15-06-07 21:30:22:814 AEST] 43-initial/51.mp4
[15-06-07 21:30:22:815 AEST] 0B7iRCsp7iT4xS1V0cG9JVmlJUUU
[15-06-07 21:30:22:816 AEST] 43-initial/279.mp4
[15-06-07 21:30:22:816 AEST] 0B7iRCsp7iT4xUTU0VmhJbkR6Zzg
[15-06-07 21:30:22:817 AEST] 43-initial/309.mp4
[15-06-07 21:30:22:817 AEST] 0B7iRCsp7iT4xNEhSU1E3b2ROajA
[15-06-07 21:30:22:818 AEST] 43-initial/186.mp4
[15-06-07 21:30:22:818 AEST] 0B7iRCsp7iT4xeFBOQW1Eb0hBTDQ
[15-06-07 21:30:22:819 AEST] 43-initial/199.mp4
[15-06-07 21:30:22:820 AEST] 0B7iRCsp7iT4xbF9uUGtVOVhJWGs
[15-06-07 21:30:22:820 AEST] 43-initial/79.mp4
[15-06-07 21:30:22:821 AEST] 0B7iRCsp7iT4xbFByN0NiNWtPZVE
[15-06-07 21:30:22:822 AEST] 43-initial/152.mp4
[15-06-07 21:30:22:822 AEST] 0B7iRCsp7iT4xUTlTSGktR0EtTnc
[15-06-07 21:30:22:823 AEST] 43-initial/92.mp4
[15-06-07 21:30:22:823 AEST] 0B7iRCsp7iT4xZDVTTURkLS15b1E
[15-06-07 21:30:22:824 AEST] 43-initial/9.mp4
[15-06-07 21:30:22:824 AEST] 0B7iRCsp7iT4xd1ZQdGR1Yk5iUEk
[15-06-07 21:30:22:825 AEST] 43-initial/100.mp4
[15-06-07 21:30:22:825 AEST] 0B7iRCsp7iT4xVXdkNjR1Zm1GZnc
[15-06-07 21:30:22:826 AEST] 43-initial/102.mp4
[15-06-07 21:30:22:827 AEST] 0B7iRCsp7iT4xN3hHREpRVlE4X00
[15-06-07 21:30:22:828 AEST] 43-initial/103.mp4
[15-06-07 21:30:22:828 AEST] 0B7iRCsp7iT4xZjFmQ00zZVVJMHM
[15-06-07 21:30:22:829 AEST] 43-initial/107.mp4
[15-06-07 21:30:22:829 AEST] 0B7iRCsp7iT4xMVpHV3ctYzdLYnM
[15-06-07 21:30:22:830 AEST] 43-initial/109.mp4
[15-06-07 21:30:22:830 AEST] 0B7iRCsp7iT4xMERJNEFYdjhpUnc
[15-06-07 21:30:22:831 AEST] 43-initial/113.mp4
[15-06-07 21:30:22:831 AEST] 0B7iRCsp7iT4xNUlfaWVobFN0bXM
[15-06-07 21:30:22:832 AEST] 43-initial/114.mp4
[15-06-07 21:30:22:833 AEST] 0B7iRCsp7iT4xdFBuR0VBN3pValE
[15-06-07 21:30:22:833 AEST] 43-initial/115.mp4
[15-06-07 21:30:22:834 AEST] 0B7iRCsp7iT4xQnkxeXpjbUxad3M
[15-06-07 21:30:22:834 AEST] 43-initial/117.mp4
[15-06-07 21:30:22:835 AEST] 0B7iRCsp7iT4xQS05d19JUmQ2M00
[15-06-07 21:30:22:836 AEST] 43-initial/130.mp4
[15-06-07 21:30:22:836 AEST] 0B7iRCsp7iT4xSUMtcW4wang3NUk
[15-06-07 21:30:22:837 AEST] 43-initial/134.mp4
[15-06-07 21:30:22:837 AEST] 0B7iRCsp7iT4xdU82djFaQlM5b28
[15-06-07 21:30:22:838 AEST] 43-initial/142.mp4
[15-06-07 21:30:22:838 AEST] 0B7iRCsp7iT4xeEdfWTlOdHF0dEU
[15-06-07 21:30:22:839 AEST] 43-initial/143.mp4
[15-06-07 21:30:22:840 AEST] 0B7iRCsp7iT4xRnN1LTNTWlFRSU0
[15-06-07 21:30:22:840 AEST] 43-initial/150.mp4
[15-06-07 21:30:22:841 AEST] 0B7iRCsp7iT4xcDgzN0gwV3J1OUU
[15-06-07 21:30:22:842 AEST] 43-initial/155.mp4
[15-06-07 21:30:22:842 AEST] 0B7iRCsp7iT4xLXZqZmYzWlpqVXc
[15-06-07 21:30:22:843 AEST] 43-initial/172.mp4
[15-06-07 21:30:22:843 AEST] 0B7iRCsp7iT4xanhkOVBuX3lfRWs
[15-06-07 21:30:22:844 AEST] 43-initial/181.mp4
[15-06-07 21:30:22:844 AEST] 0B7iRCsp7iT4xbUY4VXdVMUJkV0E
[15-06-07 21:30:22:845 AEST] 43-initial/182.mp4
[15-06-07 21:30:22:846 AEST] 0B7iRCsp7iT4xc2labXdIRGF4aU0
[15-06-07 21:30:22:846 AEST] 43-initial/188.mp4
[15-06-07 21:30:22:847 AEST] 0B7iRCsp7iT4xTzdha21YNWRob2c
[15-06-07 21:30:22:848 AEST] 43-initial/193.mp4
[15-06-07 21:30:22:848 AEST] 0B7iRCsp7iT4xSjluamJybC0yaWs
[15-06-07 21:30:22:849 AEST] 43-initial/194.mp4
[15-06-07 21:30:22:849 AEST] 0B7iRCsp7iT4xVjZqOEVhcE0xclk
[15-06-07 21:30:22:850 AEST] 43-initial/195.mp4
[15-06-07 21:30:22:850 AEST] 0B7iRCsp7iT4xcG9EeDEwS0F4ZDQ
[15-06-07 21:30:22:851 AEST] 43-initial/196.mp4
[15-06-07 21:30:22:852 AEST] 0B7iRCsp7iT4xYWdobkFxNVRrS1U
[15-06-07 21:30:22:852 AEST] 43-initial/197.mp4
[15-06-07 21:30:22:853 AEST] 0B7iRCsp7iT4xLW9MTXB0QnhlaFU
[15-06-07 21:30:22:854 AEST] 43-initial/205.mp4
[15-06-07 21:30:22:854 AEST] 0B7iRCsp7iT4xSG9sdkRDLXU2VU0
[15-06-07 21:30:22:855 AEST] 43-initial/227.mp4
[15-06-07 21:30:22:855 AEST] 0B7iRCsp7iT4xYjJhODVSeExwbTg
[15-06-07 21:30:22:856 AEST] 43-initial/231.mp4
[15-06-07 21:30:22:857 AEST] 0B7iRCsp7iT4xUXFBLWJjdDBqVE0
[15-06-07 21:30:22:857 AEST] 43-initial/235.mp4
[15-06-07 21:30:22:858 AEST] 0B7iRCsp7iT4xQ0dOS3l2X3VGSlU
[15-06-07 21:30:22:859 AEST] 43-initial/236.mp4
[15-06-07 21:30:22:859 AEST] 0B7iRCsp7iT4xbnFkMlp1VXc0anc
[15-06-07 21:30:22:860 AEST] 43-initial/245.mp4
[15-06-07 21:30:22:861 AEST] 0B7iRCsp7iT4xUzlYb1lMNmtBVWc
[15-06-07 21:30:22:861 AEST] 43-initial/248.mp4
[15-06-07 21:30:22:862 AEST] 0B7iRCsp7iT4xUXNSWmo2UkJkSzg
[15-06-07 21:30:22:863 AEST] 43-initial/249.mp4
[15-06-07 21:30:22:863 AEST] 0B7iRCsp7iT4xb2Q0TWhxdUlRMVU
[15-06-07 21:30:22:864 AEST] 43-initial/252.mp4
[15-06-07 21:30:22:864 AEST] 0B7iRCsp7iT4xZlVRdHpLanQ5T00
[15-06-07 21:30:22:865 AEST] 43-initial/267.mp4
[15-06-07 21:30:22:866 AEST] 0B7iRCsp7iT4xUjQ2WVdKRkFCZ1U
[15-06-07 21:30:22:867 AEST] 43-initial/288.mp4
[15-06-07 21:30:22:867 AEST] 0B7iRCsp7iT4xSWlXV3pfZzktXzQ
[15-06-07 21:30:22:869 AEST] 43-initial/30.mp4
[15-06-07 21:30:22:869 AEST] 0B7iRCsp7iT4xQ2t4NFJIV3RIN2s
[15-06-07 21:30:22:870 AEST] 43-initial/312.mp4
[15-06-07 21:30:22:871 AEST] 0B7iRCsp7iT4xRHVqaFpTNmEwX2s
[15-06-07 21:30:22:872 AEST] 43-initial/37.mp4
[15-06-07 21:30:22:873 AEST] 0B7iRCsp7iT4xamRhdTgzRm5uMzA
[15-06-07 21:30:22:874 AEST] 43-initial/41.mp4
[15-06-07 21:30:22:875 AEST] 0B7iRCsp7iT4xVmdlQWVIdG4ybzA
[15-06-07 21:30:22:876 AEST] 43-initial/58.mp4
[15-06-07 21:30:22:877 AEST] 0B7iRCsp7iT4xZUZURlRKTFFfdHc
[15-06-07 21:30:22:878 AEST] 43-initial/60.mp4
[15-06-07 21:30:22:879 AEST] 0B7iRCsp7iT4xZzRObDdKQnhGdEE
[15-06-07 21:30:22:880 AEST] 43-initial/61.mp4
[15-06-07 21:30:22:880 AEST] 0B7iRCsp7iT4xa2NNcnZnRm9LR2c
[15-06-07 21:30:22:882 AEST] 43-initial/64.mp4
[15-06-07 21:30:22:882 AEST] 0B7iRCsp7iT4xaDdONGR6NjRjbHM
[15-06-07 21:30:22:883 AEST] 43-initial/66.mp4
[15-06-07 21:30:22:884 AEST] 0B7iRCsp7iT4xd2dIWnVid1Y5ZTg
[15-06-07 21:30:22:885 AEST] 43-initial/68.mp4
[15-06-07 21:30:22:886 AEST] 0B7iRCsp7iT4xSWhldHI5UGdlNkU
[15-06-07 21:30:22:887 AEST] 43-initial/71.mp4
[15-06-07 21:30:22:888 AEST] 0B7iRCsp7iT4xaWJqN3c0eXZNRWM
[15-06-07 21:30:22:889 AEST] 43-initial/73.mp4
[15-06-07 21:30:22:889 AEST] 0B7iRCsp7iT4xUndEVmkxeEJ2ZmM
[15-06-07 21:30:22:890 AEST] 43-initial/74.mp4
[15-06-07 21:30:22:891 AEST] 0B7iRCsp7iT4xRm5vMWE0RFJWVVE
[15-06-07 21:30:22:892 AEST] 43-initial/78.mp4
[15-06-07 21:30:22:892 AEST] 0B7iRCsp7iT4xcWNxczNnY1hWRjg
[15-06-07 21:30:22:894 AEST] 720-initial
[15-06-07 21:30:22:894 AEST] 0B7iRCsp7iT4xfmtma05NYnE3enNLclVfVjBlZlZERk50N1JCX003bVRQU0hleG9UVi1uWVk
[15-06-07 21:30:23:045 AEST] 720-initial/51.mp4
[15-06-07 21:30:23:045 AEST] 0B7iRCsp7iT4xYU1FWTlYYU9fZzg
[15-06-07 21:30:23:046 AEST] 720-initial/279.mp4
[15-06-07 21:30:23:047 AEST] 0B7iRCsp7iT4xY29ucTc0ek5ZeVk
[15-06-07 21:30:23:047 AEST] 720-initial/309.mp4
[15-06-07 21:30:23:048 AEST] 0B7iRCsp7iT4xOXdHdE1ZWEUwZ0k
[15-06-07 21:30:23:049 AEST] 720-initial/186.mp4
[15-06-07 21:30:23:049 AEST] 0B7iRCsp7iT4xUnVtdkJzVUhyems
[15-06-07 21:30:23:050 AEST] 720-initial/199.mp4
[15-06-07 21:30:23:050 AEST] 0B7iRCsp7iT4xdE8wOGsxc1hfRGc
[15-06-07 21:30:23:051 AEST] 720-initial/100.mp4
[15-06-07 21:30:23:052 AEST] 0B7iRCsp7iT4xRDlaX3RYVnFQN1k
[15-06-07 21:30:23:052 AEST] 720-initial/102.mp4
[15-06-07 21:30:23:053 AEST] 0B7iRCsp7iT4xanBUbmpfNUNtaHc
[15-06-07 21:30:23:054 AEST] 720-initial/103.mp4
[15-06-07 21:30:23:054 AEST] 0B7iRCsp7iT4xbjh6WW8ydG1vNzQ
[15-06-07 21:30:23:055 AEST] 720-initial/107.mp4
[15-06-07 21:30:23:055 AEST] 0B7iRCsp7iT4xdXVfUS1oNVZ5dms
[15-06-07 21:30:23:056 AEST] 720-initial/109.mp4
[15-06-07 21:30:23:056 AEST] 0B7iRCsp7iT4xRWNXZDVWejUyN2c
[15-06-07 21:30:23:057 AEST] 720-initial/113.mp4
[15-06-07 21:30:23:058 AEST] 0B7iRCsp7iT4xMHFkdTlyZEg3ekU
[15-06-07 21:30:23:058 AEST] 720-initial/114.mp4
[15-06-07 21:30:23:059 AEST] 0B7iRCsp7iT4xWVpUaXhuTmpibjg
[15-06-07 21:30:23:060 AEST] 720-initial/115.mp4
[15-06-07 21:30:23:060 AEST] 0B7iRCsp7iT4xSGltemd3X1o1dkU
[15-06-07 21:30:23:061 AEST] 720-initial/117.mp4
[15-06-07 21:30:23:061 AEST] 0B7iRCsp7iT4xbHdEY2k4amp6Y2s
[15-06-07 21:30:23:062 AEST] 720-initial/130.mp4
[15-06-07 21:30:23:062 AEST] 0B7iRCsp7iT4xY0QzVmVfQVFHRUE
[15-06-07 21:30:23:063 AEST] 720-initial/134.mp4
[15-06-07 21:30:23:063 AEST] 0B7iRCsp7iT4xelpCNWdaSVoyWk0
[15-06-07 21:30:23:064 AEST] 720-initial/142.mp4
[15-06-07 21:30:23:065 AEST] 0B7iRCsp7iT4xbEpaV3FZOGt2NEE
[15-06-07 21:30:23:065 AEST] 720-initial/143.mp4
[15-06-07 21:30:23:066 AEST] 0B7iRCsp7iT4xWHNEeWpkeTNwbmc
[15-06-07 21:30:23:067 AEST] 720-initial/150.mp4
[15-06-07 21:30:23:067 AEST] 0B7iRCsp7iT4xNEt5WVQyWTJaeG8
[15-06-07 21:30:23:068 AEST] 720-initial/152.mp4
[15-06-07 21:30:23:068 AEST] 0B7iRCsp7iT4xcDhNQ1hJejJ3SkU
[15-06-07 21:30:23:069 AEST] 720-initial/155.mp4
[15-06-07 21:30:23:070 AEST] 0B7iRCsp7iT4xdm9ZTW5aeWc1dnM
[15-06-07 21:30:23:070 AEST] 720-initial/172.mp4
[15-06-07 21:30:23:071 AEST] 0B7iRCsp7iT4xdXBsSVhpYkJUVkE
[15-06-07 21:30:23:072 AEST] 720-initial/181.mp4
[15-06-07 21:30:23:072 AEST] 0B7iRCsp7iT4xak9leTg3MmgwMFU
[15-06-07 21:30:23:073 AEST] 720-initial/182.mp4
[15-06-07 21:30:23:073 AEST] 0B7iRCsp7iT4xdnBsQ29KNWRkZ3c
[15-06-07 21:30:23:074 AEST] 720-initial/188.mp4
[15-06-07 21:30:23:074 AEST] 0B7iRCsp7iT4xcllGVjgtNTZGMWc
[15-06-07 21:30:23:075 AEST] 720-initial/193.mp4
[15-06-07 21:30:23:076 AEST] 0B7iRCsp7iT4xSS0tNXprOEFPQVE
[15-06-07 21:30:23:076 AEST] 720-initial/194.mp4
[15-06-07 21:30:23:077 AEST] 0B7iRCsp7iT4xQXJlaWpBbTZBUVE
[15-06-07 21:30:23:078 AEST] 720-initial/195.mp4
[15-06-07 21:30:23:078 AEST] 0B7iRCsp7iT4xYzV1QWdqOFlBLXc
[15-06-07 21:30:23:079 AEST] 720-initial/196.mp4
[15-06-07 21:30:23:079 AEST] 0B7iRCsp7iT4xLUtIYjE0cF9ScFU
[15-06-07 21:30:23:080 AEST] 720-initial/197.mp4
[15-06-07 21:30:23:080 AEST] 0B7iRCsp7iT4xWGFVaGZCMVFVRnM
[15-06-07 21:30:23:081 AEST] 720-initial/205.mp4
[15-06-07 21:30:23:082 AEST] 0B7iRCsp7iT4xcDFadVhlZklRQXM
[15-06-07 21:30:23:083 AEST] 720-initial/227.mp4
[15-06-07 21:30:23:083 AEST] 0B7iRCsp7iT4xc01vbUthUi03TXc
[15-06-07 21:30:23:084 AEST] 720-initial/231.mp4
[15-06-07 21:30:23:084 AEST] 0B7iRCsp7iT4xVzZIVUdfZW5kUmM
[15-06-07 21:30:23:085 AEST] 720-initial/235.mp4
[15-06-07 21:30:23:085 AEST] 0B7iRCsp7iT4xdFlPeHo1UWxncTA
[15-06-07 21:30:23:086 AEST] 720-initial/236.mp4
[15-06-07 21:30:23:086 AEST] 0B7iRCsp7iT4xcGh0cjE3ejVLcUk
[15-06-07 21:30:23:087 AEST] 720-initial/245.mp4
[15-06-07 21:30:23:088 AEST] 0B7iRCsp7iT4xa2FBLXk3OHNPZ0E
[15-06-07 21:30:23:088 AEST] 720-initial/248.mp4
[15-06-07 21:30:23:089 AEST] 0B7iRCsp7iT4xa2Y2Y2ZFUGVKTnc
[15-06-07 21:30:23:090 AEST] 720-initial/249.mp4
[15-06-07 21:30:23:090 AEST] 0B7iRCsp7iT4xTWt3dXpydHFOdkE
[15-06-07 21:30:23:091 AEST] 720-initial/252.mp4
[15-06-07 21:30:23:091 AEST] 0B7iRCsp7iT4xSmc5WnljNDNSazQ
[15-06-07 21:30:23:092 AEST] 720-initial/267.mp4
[15-06-07 21:30:23:092 AEST] 0B7iRCsp7iT4xaHQ5d2tYVlV3dGs
[15-06-07 21:30:23:093 AEST] 720-initial/288.mp4
[15-06-07 21:30:23:093 AEST] 0B7iRCsp7iT4xMTUyN09KVndNWE0
[15-06-07 21:30:23:094 AEST] 720-initial/30.mp4
[15-06-07 21:30:23:095 AEST] 0B7iRCsp7iT4xQkJqRnBtYlpVa28
[15-06-07 21:30:23:095 AEST] 720-initial/58.mp4
[15-06-07 21:30:23:096 AEST] 0B7iRCsp7iT4xcmtkWHZJbENOMms
[15-06-07 21:30:23:097 AEST] 720-initial/60.mp4
[15-06-07 21:30:23:097 AEST] 0B7iRCsp7iT4xbmNaMXlfNmt5c2c
[15-06-07 21:30:23:098 AEST] 720-initial/61.mp4
[15-06-07 21:30:23:098 AEST] 0B7iRCsp7iT4xNkV0TmdyTzh1SkU
[15-06-07 21:30:23:099 AEST] 720-initial/68.mp4
[15-06-07 21:30:23:099 AEST] 0B7iRCsp7iT4xaWRFX2JlV0hVRFk
[15-06-07 21:30:23:100 AEST] 720-initial/71.mp4
[15-06-07 21:30:23:100 AEST] 0B7iRCsp7iT4xRGs0QkdaY3J4NWM
[15-06-07 21:30:23:101 AEST] 720-initial/73.mp4
[15-06-07 21:30:23:101 AEST] 0B7iRCsp7iT4xQ0tYV2hGNDMxbEk
[15-06-07 21:30:23:102 AEST] 720-initial/74.mp4
[15-06-07 21:30:23:103 AEST] 0B7iRCsp7iT4xSmcwbHRPMTBKNnM
[15-06-07 21:30:23:103 AEST] 720-initial/312.mp4
[15-06-07 21:30:23:104 AEST] 0B7iRCsp7iT4xeDNWNHlTdWFVSkk
[15-06-07 21:30:23:105 AEST] 720-initial/37.mp4
[15-06-07 21:30:23:105 AEST] 0B7iRCsp7iT4xeXBrZjRlb0FBMXc
[15-06-07 21:30:23:106 AEST] 720-initial/41.mp4
[15-06-07 21:30:23:106 AEST] 0B7iRCsp7iT4xRGl1d2ExUTJMM28
[15-06-07 21:30:23:107 AEST] 720-initial/64.mp4
[15-06-07 21:30:23:107 AEST] 0B7iRCsp7iT4xOGp0T1c0amt3aFk
[15-06-07 21:30:23:108 AEST] 720-initial/66.mp4
[15-06-07 21:30:23:108 AEST] 0B7iRCsp7iT4xVExTWFVyVzhOYnc
[15-06-07 21:30:23:109 AEST] 720-initial/78.mp4
[15-06-07 21:30:23:109 AEST] 0B7iRCsp7iT4xWHQzb0l5QVJ4R1k
[15-06-07 21:30:23:110 AEST] 720-initial/79.mp4
[15-06-07 21:30:23:111 AEST] 0B7iRCsp7iT4xSWFNUUxfNVBtQnc
[15-06-07 21:30:23:112 AEST] 720-initial/9.mp4
[15-06-07 21:30:23:112 AEST] 0B7iRCsp7iT4xRTBfdEdwcm9CRUU
[15-06-07 21:30:23:113 AEST] 720-initial/92.mp4
[15-06-07 21:30:23:113 AEST] 0B7iRCsp7iT4xcE13ZGpqS0dNZ0E
